<?xml version="1.0" encoding="UTF-8"?>
<!-- Generated by org.testng.reporters.JUnitReportReporter -->
<testsuite hostname="DESKTOP-QBC2F5N" failures="0" tests="5" name="testCases.TC_003_LoginDDTTest" time="49.568" errors="0" timestamp="2024-11-19T23:01:21 IST" skipped="0">
  <testcase classname="testCases.TC_003_LoginDDTTest" name="verify_account_logIn_DDT" time="13.665"/>
  <system-out/>
  <testcase classname="testCases.TC_003_LoginDDTTest" name="verify_account_logIn_DDT" time="4.663"/>
  <system-out/>
  <testcase classname="testCases.TC_003_LoginDDTTest" name="verify_account_logIn_DDT" time="4.318"/>
  <system-out/>
  <testcase classname="testCases.TC_003_LoginDDTTest" name="verify_account_logIn_DDT" time="13.580"/>
  <system-out/>
  <testcase classname="testCases.TC_003_LoginDDTTest" name="verify_account_logIn_DDT" time="13.342"/>
  <system-out/>
</testsuite> <!-- testCases.TC_003_LoginDDTTest -->
