<?xml version="1.0" encoding="UTF-8"?>
<!-- Generated by org.testng.reporters.JUnitReportReporter -->
<testsuite hostname="DESKTOP-QBC2F5N" failures="0" tests="1" name="testCases.TC_001_AccountRegistrationTest" time="3.606" errors="0" timestamp="2024-11-24T17:42:11 IST" skipped="0">
  <testcase classname="testCases.TC_001_AccountRegistrationTest" name="verify_account_registration" time="3.606"/>
  <system-out/>
</testsuite> <!-- testCases.TC_001_AccountRegistrationTest -->
