<?xml version="1.0" encoding="UTF-8"?>
<!-- Generated by org.testng.reporters.JUnitReportReporter -->
<testsuite hostname="DESKTOP-QBC2F5N" failures="0" tests="1" name="testCases.TC_004_CaptureScreenshot" time="5.009" errors="0" timestamp="2024-11-21T01:29:03 IST" skipped="0">
  <testcase classname="testCases.TC_004_CaptureScreenshot" name="verify_captureScreenshot" time="5.009"/>
  <system-out/>
</testsuite> <!-- testCases.TC_004_CaptureScreenshot -->
