<?xml version="1.0" encoding="UTF-8"?>
<!-- Generated by org.testng.reporters.JUnitReportReporter -->
<testsuite hostname="DESKTOP-QBC2F5N" failures="0" tests="1" name="utilities.DataProviders" time="2.713" errors="0" timestamp="2024-11-19T22:52:40 IST" skipped="0">
  <testcase classname="utilities.DataProviders" name="getData" time="2.713"/>
  <system-out/>
</testsuite> <!-- utilities.DataProviders -->
