<?xml version="1.0" encoding="UTF-8"?>
<!-- Generated by org.testng.reporters.JUnitReportReporter -->
<testsuite hostname="DESKTOP-QBC2F5N" failures="0" tests="2" name="testCases.TC_001_AccountRegistrationTest" time="7.397" errors="0" timestamp="2024-11-22T02:31:45 IST" skipped="0">
  <testcase classname="testCases.TC_001_AccountRegistrationTest" name="verify_account_registration" time="4.101"/>
  <system-out/>
  <testcase classname="testCases.TC_001_AccountRegistrationTest" name="verify_account_registration" time="3.296"/>
  <system-out/>
</testsuite> <!-- testCases.TC_001_AccountRegistrationTest -->
